[debug] [2024-10-30T23:09:18.613Z] : 
[debug] [2024-10-30T23:09:18.617Z] : ----------------------------------------------------------------------
[debug] [2024-10-30T23:09:18.617Z] : Command:      C:\Program Files\nodejs\node.exe C:\Users\dhana\AppData\Roaming\npm\node_modules\zcatalyst-cli\lib\bin\catalyst.js deploy
[debug] [2024-10-30T23:09:18.617Z] : CLI Version:  1.17.6
[debug] [2024-10-30T23:09:18.618Z] : Platform:     win32
[debug] [2024-10-30T23:09:18.618Z] : Node Version: v20.17.0
[debug] [2024-10-30T23:09:18.619Z] : Time:         Wed Oct 30 2024 19:09:18 GMT-0400 (Eastern Daylight Time)
[debug] [2024-10-30T23:09:18.619Z] : ----------------------------------------------------------------------
[debug] [2024-10-30T23:09:18.619Z] : 
[debug] [2024-10-30T23:09:20.176Z] : > authorizing via signed-in user option
[debug] [2024-10-30T23:09:20.176Z] : > command requires scopes: ["ZohoCatalyst.projects.ALL","ZohoCatalyst.functions.ALL","ZohoCatalyst.webapp.ALL","ZohoCatalyst.appsail.Update"]
[debug] [2024-10-30T23:09:20.191Z] : >>>> HTTP REQUEST : GET https://api.catalyst.zoho.in/baas/v1/project/10603000000007075 

[debug] [2024-10-30T23:09:21.249Z] : <<<< HTTP RESPONSE : 200
Response Headers: {"server":"ZGS","date":"Wed, 30 Oct 2024 23:09:20 GMT","content-type":"application/vnd.catalyst.v2+json","transfer-encoding":"chunked","connection":"keep-alive","set-cookie":["zalb_3a750b85f1=7c58023b2365c117e2ff9b6feb09efa2; Path=/; Secure; HttpOnly","ZD_CSRF_TOKEN=77e1f062-ee68-4e96-b652-e1e35bdeeaea;path=/;SameSite=None;Secure;priority=high","_zcsr_tmp=77e1f062-ee68-4e96-b652-e1e35bdeeaea;path=/;SameSite=Strict;Secure;priority=high"],"x-content-type-options":"nosniff","x-xss-protection":"1","cache-control":"private,no-cache,no-store,max-age=0,must-revalidate","pragma":"no-cache","expires":"Thu, 01 Jan 1970 00:00:00 GMT","x-frame-options":"DENY","strict-transport-security":"max-age=63072000"}

[debug] [2024-10-30T23:09:21.262Z] : >>>> HTTP REQUEST : GET https://api.catalyst.zoho.in/baas/v1/project/10603000000007075/environment 

[debug] [2024-10-30T23:09:21.539Z] : <<<< HTTP RESPONSE : 200
Response Headers: {"server":"ZGS","date":"Wed, 30 Oct 2024 23:09:20 GMT","content-type":"application/vnd.catalyst.v2+json","transfer-encoding":"chunked","connection":"keep-alive","set-cookie":["zalb_3a750b85f1=99131cfabfda186b4fe68a16fb8fedd6; Path=/; Secure; HttpOnly","ZD_CSRF_TOKEN=24eb87b1-37de-4810-abd0-928899f2f507;path=/;SameSite=None;Secure;priority=high","_zcsr_tmp=24eb87b1-37de-4810-abd0-928899f2f507;path=/;SameSite=Strict;Secure;priority=high"],"x-content-type-options":"nosniff","x-xss-protection":"1","cache-control":"private,no-cache,no-store,max-age=0,must-revalidate","pragma":"no-cache","expires":"Thu, 01 Jan 1970 00:00:00 GMT","x-frame-options":"DENY","strict-transport-security":"max-age=63072000"}

[info] [2024-10-30T23:09:22.114Z] : i Plugin : "zcatalyst-cli-plugin-react" is used for client deploy
[info] [2024-10-30T23:09:22.115Z] : i Building Application...
[info] [2024-10-30T23:09:28.755Z] : [react-plugin]: Creating an optimized production build...
[info] [2024-10-30T23:10:46.021Z] : [react-plugin]: Compiled with warnings.

[info] [2024-10-30T23:10:46.023Z] : [react-plugin]: [eslint] 
src\MultiStepEditForm\Address.jsx
  Line 7:11:   'address' is assigned a value but never used            no-unused-vars
  Line 13:11:  'details' is assigned a value but never used            no-unused-vars
  Line 13:20:  'setDetails' is assigned a value but never used         no-unused-vars
  Line 26:10:  'loading' is assigned a value but never used            no-unused-vars
  Line 26:19:  'setLoading' is assigned a value but never used         no-unused-vars
  Line 27:10:  'error' is assigned a value but never used              no-unused-vars
  Line 53:9:   'onFormvalueChange' is assigned a value but never used  no-unused-vars

src\MultiStepEditForm\Details.jsx
  Line 2:18:   'Form' is defined but never used                        no-unused-vars
  Line 4:17:   'InputNumber' is defined but never used                 no-unused-vars
  Line 4:37:   'TextArea' is defined but never used                    no-unused-vars
  Line 8:11:   'details' is assigned a value but never used            no-unused-vars
  Line 13:10:  'first_name' is assigned a value but never used         no-unused-vars
  Line 13:22:  'setFirstname' is assigned a value but never used       no-unused-vars
  Line 14:10:  'last_name' is assigned a value but never used          no-unused-vars
  Line 14:21:  'setLastname' is assigned a value but never used        no-unused-vars
  Line 15:10:  'phone' is assigned a value but never used              no-unused-vars
  Line 15:17:  'setPhone' is assigned a value but never used           no-unused-vars
  Line 16:10:  'billing_address' is assigned a value but never used    no-unused-vars
  Line 16:27:  'setBillingaddress' is assigned a value but never used  no-unused-vars
  Line 17:27:  'setMailingaddress' is assigned a value but never used  no-unused-vars
  Line 18:10:  'q1' is assigned a value but never used                 no-unused-vars
  Line 18:14:  'setQ1' is assigned a value but never used              no-unused-vars
  Line 19:10:  'q2' is assigned a value but never used                 no-unused-vars
  Line 19:14:  'setQ2' is assigned a value but never used              no-unused-vars
  Line 20:10:  'q3' is assigned a value but never used                 no-unused-vars
  Line 20:14:  'setQ3' is assigned a value but never used              no-unused-vars
  Line 21:10:  'q4' is assigned a value but never used                 no-unused-vars
  Line 21:14:  'setQ4' is assigned a value but never used              no-unused-vars
  Line 22:10:  'q5' is assigned a value but never used                 no-unused-vars
  Line 22:14:  'setQ5' is assigned a value but never used              no-unused-vars
  Line 24:10:  'loading' is assigned a value but never used            no-unused-vars
  Line 24:19:  'setLoading' is assigned a value but never used         no-unused-vars
  Line 25:10:  'error' is assigned a value but never used              no-unused-vars
  Line 63:9:   'onFormvalueChange' is assigned a value but never used  no-unused-vars
  Line 82:15:  'errors' is assigned a value but never used             no-unused-vars

src\MultiStepEditForm\Review.jsx
  Line 7:9:  'loading' is assigned a value but never used  no-unused-vars
  Line 8:9:  'error' is assigned a value but never used    no-unused-vars

src\MultiStepForm\Details.jsx
  Line 10:11:  'billingAddress' is assigned a value but never used     no-unused-vars
  Line 10:27:  'setBillingAddress' is assigned a value but never used  no-unused-vars
  Line 11:11:  'mailingAddress' is assigned a value but never used     no-unused-vars
  Line 11:27:  'setMailingAddress' is assigned a value but never used  no-unused-vars
  Line 12:11:  'sameAsBilling' is assigned a value but never used      no-unused-vars
  Line 12:26:  'setSameAsBilling' is assigned a value but never used   no-unused-vars
  Line 13:10:  'customerDetails' is assigned a value but never used    no-unused-vars
  Line 59:7:   'onFormvalueChange' is assigned a value but never used  no-unused-vars

src\Navbar.js
  Line 1:17:  'useState' is defined but never used   no-unused-vars
  Line 1:27:  'useEffect' is defined but never used  no-unused-vars
[info] [2024-10-30T23:10:46.023Z] : [react-plugin]: 
Search for the keywords to learn more about each warning.
[info] [2024-10-30T23:10:46.024Z] : [react-plugin]: To ignore, add // eslint-disable-next-line to the line before.

[info] [2024-10-30T23:10:46.024Z] : [react-plugin]: File sizes after gzip:

[info] [2024-10-30T23:10:46.095Z] : [react-plugin]:   214.15 kB  build\static\js\main.5b4f817a.js
[info] [2024-10-30T23:10:46.096Z] : [react-plugin]:   32.04 kB   build\static\css\main.61651a03.css
[info] [2024-10-30T23:10:46.096Z] : [react-plugin]:   1.67 kB    build\static\js\453.0d9467a0.chunk.js
[info] [2024-10-30T23:10:46.097Z] : [react-plugin]:  
[debug] [2024-10-30T23:10:48.265Z] : >>>> HTTP REQUEST : POST https://api.catalyst.zoho.in/baas/v1/project/10603000000007075/webapp 

[debug] [2024-10-30T23:10:54.511Z] : <<<< HTTP RESPONSE : 200
Response Headers: {"server":"ZGS","date":"Wed, 30 Oct 2024 23:10:53 GMT","content-type":"application/vnd.catalyst.v2+json","transfer-encoding":"chunked","connection":"keep-alive","set-cookie":["zalb_3a750b85f1=99131cfabfda186b4fe68a16fb8fedd6; Path=/; Secure; HttpOnly","ZD_CSRF_TOKEN=bf09aeaa-c418-4dd3-b44a-65e8edc8cb45;path=/;SameSite=None;Secure;priority=high","_zcsr_tmp=bf09aeaa-c418-4dd3-b44a-65e8edc8cb45;path=/;SameSite=Strict;Secure;priority=high"],"x-content-type-options":"nosniff","x-xss-protection":"1","cache-control":"private,no-cache,no-store,max-age=0,must-revalidate","pragma":"no-cache","expires":"Thu, 01 Jan 1970 00:00:00 GMT","x-frame-options":"DENY","strict-transport-security":"max-age=63072000"}

[info] [2024-10-30T23:10:54.543Z] : 
[info] [2024-10-30T23:10:54.544Z] : Executing predeploy script in D:\cloudlion\serverlesswebsite\appsail-nodejs
[debug] [2024-10-30T23:10:54.544Z] : Executing command > npm install
[info] [2024-10-30T23:10:54.545Z] : > npm install
[debug] [2024-10-30T23:11:05.270Z] : >>>> HTTP REQUEST : PUT https://api.catalyst.zoho.in/baas/v1/project/10603000000007075/appsail/upsert 

[debug] [2024-10-30T23:11:27.060Z] : <<<< HTTP RESPONSE : 200
Response Headers: {"server":"ZGS","date":"Wed, 30 Oct 2024 23:11:26 GMT","content-type":"application/vnd.catalyst.v2+json","transfer-encoding":"chunked","connection":"keep-alive","set-cookie":["zalb_3a750b85f1=99131cfabfda186b4fe68a16fb8fedd6; Path=/; Secure; HttpOnly","ZD_CSRF_TOKEN=8cd11f55-9acd-4cd4-9406-36e711e59058;path=/;SameSite=None;Secure;priority=high","_zcsr_tmp=8cd11f55-9acd-4cd4-9406-36e711e59058;path=/;SameSite=Strict;Secure;priority=high"],"x-content-type-options":"nosniff","x-xss-protection":"1","cache-control":"private,no-cache,no-store,max-age=0,must-revalidate","pragma":"no-cache","expires":"Thu, 01 Jan 1970 00:00:00 GMT","x-frame-options":"DENY","strict-transport-security":"max-age=63072000"}

[info] [2024-10-30T23:11:27.062Z] : 
[info] [2024-10-30T23:11:27.063Z] : √ client: deploy successful
[info] [2024-10-30T23:11:27.063Z] : i client: URL => https://cloudlionproject-60034003060.development.catalystserverless.in/app/index.html
[info] [2024-10-30T23:11:27.063Z] : 
[info] [2024-10-30T23:11:27.064Z] : i AppSail(cloud-lion-backend): URL => https://cloud-lion-backend-50023253167.development.catalystappsail.in
[info] [2024-10-30T23:11:27.064Z] : √ AppSail(cloud-lion-backend): deploy successful
[info] [2024-10-30T23:11:27.064Z] : 
[info] [2024-10-30T23:11:27.064Z] : √ Catalyst deploy complete!
[debug] [2024-10-30T23:11:27.065Z] : NO ERRORS REGISTERED
[debug] [2024-10-30T23:11:27.065Z] : EXEC ENDED with event: deploy, message: success
[debug] [2024-10-30T23:11:27.065Z] : TOTAL DURATION OF COMMAND EXEC : 126909
[debug] [2024-10-30T23:11:27.074Z] : >>>> HTTP REQUEST : POST https://api.catalyst.zoho.in/baas/v1/cli/logs 
<request body omitted>

[debug] [2024-10-30T23:11:27.448Z] : <<<< HTTP RESPONSE : 200
Response Headers: {"server":"ZGS","date":"Wed, 30 Oct 2024 23:11:26 GMT","content-length":"0","connection":"keep-alive","set-cookie":["zalb_3a750b85f1=7c58023b2365c117e2ff9b6feb09efa2; Path=/; Secure; HttpOnly","ZD_CSRF_TOKEN=6f97d10f-9bf5-4080-b1db-212a4727bec0;path=/;SameSite=None;Secure;priority=high","_zcsr_tmp=6f97d10f-9bf5-4080-b1db-212a4727bec0;path=/;SameSite=Strict;Secure;priority=high"],"x-content-type-options":"nosniff","x-xss-protection":"1","cache-control":"private,no-cache,no-store,max-age=0,must-revalidate","pragma":"no-cache","expires":"Thu, 01 Jan 1970 00:00:00 GMT","x-frame-options":"DENY","strict-transport-security":"max-age=63072000"}

[debug] [2024-10-30T23:19:28.020Z] : 
[debug] [2024-10-30T23:19:28.043Z] : ----------------------------------------------------------------------
[debug] [2024-10-30T23:19:28.043Z] : Command:      C:\Program Files\nodejs\node.exe C:\Users\dhana\AppData\Roaming\npm\node_modules\zcatalyst-cli\lib\bin\catalyst.js deploy
[debug] [2024-10-30T23:19:28.044Z] : CLI Version:  1.17.6
[debug] [2024-10-30T23:19:28.044Z] : Platform:     win32
[debug] [2024-10-30T23:19:28.044Z] : Node Version: v20.17.0
[debug] [2024-10-30T23:19:28.045Z] : Time:         Wed Oct 30 2024 19:19:28 GMT-0400 (Eastern Daylight Time)
[debug] [2024-10-30T23:19:28.045Z] : ----------------------------------------------------------------------
[debug] [2024-10-30T23:19:28.045Z] : 
[debug] [2024-10-30T23:19:30.072Z] : > authorizing via signed-in user option
[debug] [2024-10-30T23:19:30.073Z] : > command requires scopes: ["ZohoCatalyst.projects.ALL","ZohoCatalyst.functions.ALL","ZohoCatalyst.webapp.ALL","ZohoCatalyst.appsail.Update"]
[debug] [2024-10-30T23:19:30.101Z] : >>>> HTTP REQUEST : GET https://api.catalyst.zoho.in/baas/v1/project/10603000000007075 

[debug] [2024-10-30T23:19:31.136Z] : <<<< HTTP RESPONSE : 200
Response Headers: {"server":"ZGS","date":"Wed, 30 Oct 2024 23:19:30 GMT","content-type":"application/vnd.catalyst.v2+json","transfer-encoding":"chunked","connection":"keep-alive","set-cookie":["zalb_3a750b85f1=7c58023b2365c117e2ff9b6feb09efa2; Path=/; Secure; HttpOnly","ZD_CSRF_TOKEN=876bd091-0ebb-4dd3-8f41-e34a6506ee1a;path=/;SameSite=None;Secure;priority=high","_zcsr_tmp=876bd091-0ebb-4dd3-8f41-e34a6506ee1a;path=/;SameSite=Strict;Secure;priority=high"],"x-content-type-options":"nosniff","x-xss-protection":"1","cache-control":"private,no-cache,no-store,max-age=0,must-revalidate","pragma":"no-cache","expires":"Thu, 01 Jan 1970 00:00:00 GMT","x-frame-options":"DENY","strict-transport-security":"max-age=63072000"}

[debug] [2024-10-30T23:19:31.152Z] : >>>> HTTP REQUEST : GET https://api.catalyst.zoho.in/baas/v1/project/10603000000007075/environment 

[debug] [2024-10-30T23:19:31.422Z] : <<<< HTTP RESPONSE : 200
Response Headers: {"server":"ZGS","date":"Wed, 30 Oct 2024 23:19:30 GMT","content-type":"application/vnd.catalyst.v2+json","transfer-encoding":"chunked","connection":"keep-alive","set-cookie":["zalb_3a750b85f1=99131cfabfda186b4fe68a16fb8fedd6; Path=/; Secure; HttpOnly","ZD_CSRF_TOKEN=62ba3fea-5ae5-4bdc-b76a-125b78996df3;path=/;SameSite=None;Secure;priority=high","_zcsr_tmp=62ba3fea-5ae5-4bdc-b76a-125b78996df3;path=/;SameSite=Strict;Secure;priority=high"],"x-content-type-options":"nosniff","x-xss-protection":"1","cache-control":"private,no-cache,no-store,max-age=0,must-revalidate","pragma":"no-cache","expires":"Thu, 01 Jan 1970 00:00:00 GMT","x-frame-options":"DENY","strict-transport-security":"max-age=63072000"}

[info] [2024-10-30T23:19:31.834Z] : i Plugin : "zcatalyst-cli-plugin-react" is used for client deploy
[info] [2024-10-30T23:19:31.835Z] : i Building Application...
[info] [2024-10-30T23:19:35.554Z] : [react-plugin]: Creating an optimized production build...
[info] [2024-10-30T23:20:01.908Z] : [react-plugin]: Compiled with warnings.

[info] [2024-10-30T23:20:01.912Z] : [react-plugin]: [eslint] 
src\MultiStepEditForm\Address.jsx
  Line 7:11:   'address' is assigned a value but never used            no-unused-vars
  Line 13:11:  'details' is assigned a value but never used            no-unused-vars
  Line 13:20:  'setDetails' is assigned a value but never used         no-unused-vars
  Line 26:10:  'loading' is assigned a value but never used            no-unused-vars
  Line 26:19:  'setLoading' is assigned a value but never used         no-unused-vars
  Line 27:10:  'error' is assigned a value but never used              no-unused-vars
  Line 53:9:   'onFormvalueChange' is assigned a value but never used  no-unused-vars

src\MultiStepEditForm\Details.jsx
  Line 2:18:   'Form' is defined but never used                        no-unused-vars
  Line 4:17:   'InputNumber' is defined but never used                 no-unused-vars
  Line 4:37:   'TextArea' is defined but never used                    no-unused-vars
  Line 8:11:   'details' is assigned a value but never used            no-unused-vars
  Line 13:10:  'first_name' is assigned a value but never used         no-unused-vars
  Line 13:22:  'setFirstname' is assigned a value but never used       no-unused-vars
  Line 14:10:  'last_name' is assigned a value but never used          no-unused-vars
  Line 14:21:  'setLastname' is assigned a value but never used        no-unused-vars
  Line 15:10:  'phone' is assigned a value but never used              no-unused-vars
  Line 15:17:  'setPhone' is assigned a value but never used           no-unused-vars
  Line 16:10:  'billing_address' is assigned a value but never used    no-unused-vars
  Line 16:27:  'setBillingaddress' is assigned a value but never used  no-unused-vars
  Line 17:27:  'setMailingaddress' is assigned a value but never used  no-unused-vars
  Line 18:10:  'q1' is assigned a value but never used                 no-unused-vars
  Line 18:14:  'setQ1' is assigned a value but never used              no-unused-vars
  Line 19:10:  'q2' is assigned a value but never used                 no-unused-vars
  Line 19:14:  'setQ2' is assigned a value but never used              no-unused-vars
  Line 20:10:  'q3' is assigned a value but never used                 no-unused-vars
  Line 20:14:  'setQ3' is assigned a value but never used              no-unused-vars
  Line 21:10:  'q4' is assigned a value but never used                 no-unused-vars
  Line 21:14:  'setQ4' is assigned a value but never used              no-unused-vars
  Line 22:10:  'q5' is assigned a value but never used                 no-unused-vars
  Line 22:14:  'setQ5' is assigned a value but never used              no-unused-vars
  Line 24:10:  'loading' is assigned a value but never used            no-unused-vars
  Line 24:19:  'setLoading' is assigned a value but never used         no-unused-vars
  Line 25:10:  'error' is assigned a value but never used              no-unused-vars
  Line 63:9:   'onFormvalueChange' is assigned a value but never used  no-unused-vars
  Line 82:15:  'errors' is assigned a value but never used             no-unused-vars

src\MultiStepEditForm\Review.jsx
  Line 7:9:  'loading' is assigned a value but never used  no-unused-vars
  Line 8:9:  'error' is assigned a value but never used    no-unused-vars
[info] [2024-10-30T23:20:01.913Z] : [react-plugin]: 
Search for the keywords to learn more about each warning.
[info] [2024-10-30T23:20:01.914Z] : [react-plugin]: To ignore, add // eslint-disable-next-line to the line before.

[info] [2024-10-30T23:20:01.914Z] : [react-plugin]: File sizes after gzip:

[info] [2024-10-30T23:20:01.992Z] : [react-plugin]:   214.34 kB (+192 B)  build\static\js\main.509f9887.js
[info] [2024-10-30T23:20:01.993Z] : [react-plugin]:   32.04 kB            build\static\css\main.61651a03.css
[info] [2024-10-30T23:20:01.993Z] : [react-plugin]:   1.67 kB             build\static\js\453.0d9467a0.chunk.js
[info] [2024-10-30T23:20:01.994Z] : [react-plugin]:  
[debug] [2024-10-30T23:20:07.953Z] : >>>> HTTP REQUEST : POST https://api.catalyst.zoho.in/baas/v1/project/10603000000007075/webapp 

[debug] [2024-10-30T23:20:14.256Z] : <<<< HTTP RESPONSE : 200
Response Headers: {"server":"ZGS","date":"Wed, 30 Oct 2024 23:20:13 GMT","content-type":"application/vnd.catalyst.v2+json","transfer-encoding":"chunked","connection":"keep-alive","set-cookie":["zalb_3a750b85f1=7c58023b2365c117e2ff9b6feb09efa2; Path=/; Secure; HttpOnly","ZD_CSRF_TOKEN=b8711d34-c2ef-4f8b-a9d9-378701165611;path=/;SameSite=None;Secure;priority=high","_zcsr_tmp=b8711d34-c2ef-4f8b-a9d9-378701165611;path=/;SameSite=Strict;Secure;priority=high"],"x-content-type-options":"nosniff","x-xss-protection":"1","cache-control":"private,no-cache,no-store,max-age=0,must-revalidate","pragma":"no-cache","expires":"Thu, 01 Jan 1970 00:00:00 GMT","x-frame-options":"DENY","strict-transport-security":"max-age=63072000"}

[info] [2024-10-30T23:20:14.319Z] : 
[info] [2024-10-30T23:20:14.320Z] : Executing predeploy script in D:\cloudlion\serverlesswebsite\appsail-nodejs
[debug] [2024-10-30T23:20:14.320Z] : Executing command > npm install
[info] [2024-10-30T23:20:14.321Z] : > npm install
[debug] [2024-10-30T23:20:23.989Z] : >>>> HTTP REQUEST : PUT https://api.catalyst.zoho.in/baas/v1/project/10603000000007075/appsail/upsert 

[debug] [2024-10-30T23:20:49.084Z] : <<<< HTTP RESPONSE : 200
Response Headers: {"server":"ZGS","date":"Wed, 30 Oct 2024 23:20:48 GMT","content-type":"application/vnd.catalyst.v2+json","transfer-encoding":"chunked","connection":"keep-alive","set-cookie":["zalb_3a750b85f1=99131cfabfda186b4fe68a16fb8fedd6; Path=/; Secure; HttpOnly","ZD_CSRF_TOKEN=c4b28e9a-3e77-4f66-a089-97f945856b25;path=/;SameSite=None;Secure;priority=high","_zcsr_tmp=c4b28e9a-3e77-4f66-a089-97f945856b25;path=/;SameSite=Strict;Secure;priority=high"],"x-content-type-options":"nosniff","x-xss-protection":"1","cache-control":"private,no-cache,no-store,max-age=0,must-revalidate","pragma":"no-cache","expires":"Thu, 01 Jan 1970 00:00:00 GMT","x-frame-options":"DENY","strict-transport-security":"max-age=63072000"}

[info] [2024-10-30T23:20:49.097Z] : 
[info] [2024-10-30T23:20:49.100Z] : √ client: deploy successful
[info] [2024-10-30T23:20:49.101Z] : i client: URL => https://cloudlionproject-60034003060.development.catalystserverless.in/app/index.html
[info] [2024-10-30T23:20:49.102Z] : 
[info] [2024-10-30T23:20:49.103Z] : i AppSail(cloud-lion-backend): URL => https://cloud-lion-backend-50023253167.development.catalystappsail.in
[info] [2024-10-30T23:20:49.103Z] : √ AppSail(cloud-lion-backend): deploy successful
[info] [2024-10-30T23:20:49.104Z] : 
[info] [2024-10-30T23:20:49.104Z] : √ Catalyst deploy complete!
[debug] [2024-10-30T23:20:49.105Z] : NO ERRORS REGISTERED
[debug] [2024-10-30T23:20:49.107Z] : EXEC ENDED with event: deploy, message: success
[debug] [2024-10-30T23:20:49.108Z] : TOTAL DURATION OF COMMAND EXEC : 79063
[debug] [2024-10-30T23:20:49.137Z] : >>>> HTTP REQUEST : POST https://api.catalyst.zoho.in/baas/v1/cli/logs 
<request body omitted>

[debug] [2024-10-30T23:20:49.577Z] : <<<< HTTP RESPONSE : 200
Response Headers: {"server":"ZGS","date":"Wed, 30 Oct 2024 23:20:48 GMT","content-length":"0","connection":"keep-alive","set-cookie":["zalb_3a750b85f1=7c58023b2365c117e2ff9b6feb09efa2; Path=/; Secure; HttpOnly","ZD_CSRF_TOKEN=88e63aa0-9048-4830-a474-371d601617fa;path=/;SameSite=None;Secure;priority=high","_zcsr_tmp=88e63aa0-9048-4830-a474-371d601617fa;path=/;SameSite=Strict;Secure;priority=high"],"x-content-type-options":"nosniff","x-xss-protection":"1","cache-control":"private,no-cache,no-store,max-age=0,must-revalidate","pragma":"no-cache","expires":"Thu, 01 Jan 1970 00:00:00 GMT","x-frame-options":"DENY","strict-transport-security":"max-age=63072000"}

